      -------------------------------------------------------------------
                       STM32CubeProgrammer v2.19.0                  
      -------------------------------------------------------------------

ST-LINK SN  : 003E00203431511737393330
ST-LINK FW  : V3J10M3
Board       : NUCLEO-H7R3L8
Voltage     : 3.28V
SWD freq    : 8000 KHz
Connect mode: Hot Plug
Reset mode  : Software reset
Device ID   : 0x485
Revision ID : Rev Y
Device name : STM32H7RSxx
Flash size  : 64 KBytes (default)
Device type : MCU
Device CPU  : Cortex-M7
BL Version  : 0xE1


UPLOADING OPTION BYTES DATA ...


  Bank          : 0x01
  Address       : 0x52002200
  Size          : 32 Bytes

北北北北北北北北北北北北北北北北北北北北北北北北北 0%圹圹圹圹圹圹圹圹圹圹圹圹圹圹圹圹圹圹圹圹圹圹圹圹圹 100%

  Bank          : 0x02
  Address       : 0x52002230
  Size          : 8 Bytes

北北北北北北北北北北北北北北北北北北北北北北北北北 50%圹圹圹圹圹圹圹圹圹圹圹圹圹圹圹圹圹圹圹圹圹圹圹圹圹 100%

  Bank          : 0x03
  Address       : 0x52002260
  Size          : 16 Bytes

北北北北北北北北北北北北北北北北北北北北北北北北北 50%圹圹圹圹圹圹圹圹圹圹圹圹圹圹圹圹圹圹圹圹圹圹圹圹圹 100%


PROGRAMMING OPTION BYTES AREA ...
Warning: Option Byte: dtcm_axi_share, value: 0x0, was not modified.
Warning: Option Byte: itcm_axi_share, value: 0x0, was not modified.

Warning: Option Bytes are unchanged, Data won't be downloaded
Time elapsed during option Bytes configuration: 00:00:00.000
